[2025-10-22 12:06:32] - [31merror[39m: [DATABASE ERROR] -> ER_NO_SUCH_TABLE: Table '2025_katicabufe.users' doesn't exist
[2025-10-22 12:06:45] - [31merror[39m: [DATABASE ERROR] -> ER_NO_SUCH_TABLE: Table '2025_katicabufe.users' doesn't exist
[2025-10-22 12:06:46] - [31merror[39m: [DATABASE ERROR] -> ER_NO_SUCH_TABLE: Table '2025_katicabufe.users' doesn't exist
[2025-11-03 11:10:18] - [31merror[39m: [DATABASE ERROR] -> ER_PARSE_ERROR: You have an error in your SQL syntax; check the manual that corresponds to your MariaDB server version for the right syntax to use near ' -294446298, 236050790, 1801662194, -1178700058, `sigBytes` = 20, `$super` = ...' at line 1
[2025-11-04 08:28:30] - [31merror[39m: [DATABASE ERROR] -> ER_NO_SUCH_TABLE: Table 'favicon.ico' doesn't exist
[2025-11-04 10:16:35] - [31merror[39m: [DATABASE ERROR] -> ER_NO_SUCH_TABLE: Table 'favicon.ico' doesn't exist
[2025-11-04 10:18:40] - [31merror[39m: [DATABASE ERROR] -> ER_NO_SUCH_TABLE: Table '2025_pizzeria.user' doesn't exist
[2025-11-04 10:18:50] - [31merror[39m: [DATABASE ERROR] -> ER_NO_SUCH_TABLE: Table '2025_pizzeria.user' doesn't exist
[2025-11-04 10:56:23] - [31merror[39m: [DATABASE ERROR] -> ER_NO_SUCH_TABLE: Table 'favicon.ico' doesn't exist
[2025-11-04 10:56:30] - [31merror[39m: [DATABASE ERROR] -> ER_NO_SUCH_TABLE: Table '2025_pizzeria.pizzas' doesn't exist
[2025-11-04 10:56:30] - [31merror[39m: [DATABASE ERROR] -> ER_NO_SUCH_TABLE: Table 'favicon.ico' doesn't exist
[2025-11-04 12:12:35] - [31merror[39m: [DATABASE ERROR] -> ER_BAD_FIELD_ERROR: Unknown column 'oldPassword' in 'field list'
[2025-11-04 12:12:42] - [31merror[39m: [DATABASE ERROR] -> ER_BAD_FIELD_ERROR: Unknown column 'oldPassword' in 'field list'
[2025-11-05 09:27:15] - [31merror[39m: [DATABASE ERROR] -> ER_NO_SUCH_TABLE: Table 'favicon.ico' doesn't exist
[2025-11-05 09:34:20] - [31merror[39m: [DATABASE ERROR] -> ER_NO_SUCH_TABLE: Table '2025_pizzeria.pizzak' doesn't exist
[2025-11-05 09:34:32] - [31merror[39m: [DATABASE ERROR] -> ER_BAD_FIELD_ERROR: Unknown column 'quantity' in 'field list'
[2025-11-05 09:35:58] - [31merror[39m: [DATABASE ERROR] -> ER_BAD_FIELD_ERROR: Unknown column 'quantity' in 'field list'
[2025-11-05 09:36:51] - [31merror[39m: [DATABASE ERROR] -> ER_NO_SUCH_TABLE: Table '2025_pizzeria.pizzak' doesn't exist
[2025-11-05 09:37:04] - [31merror[39m: [DATABASE ERROR] -> ER_NO_SUCH_TABLE: Table '2025_pizzeria.pizzak' doesn't exist
[2025-11-05 09:37:56] - [31merror[39m: [DATABASE ERROR] -> ER_NO_SUCH_TABLE: Table 'favicon.ico' doesn't exist
[2025-11-05 09:38:13] - [31merror[39m: [DATABASE ERROR] -> ER_NO_SUCH_TABLE: Table '2025_pizzeria.pizzak' doesn't exist
[2025-11-05 09:38:17] - [31merror[39m: [DATABASE ERROR] -> ER_NO_SUCH_TABLE: Table '2025_pizzeria.pizzak' doesn't exist
[2025-11-05 09:38:37] - [31merror[39m: [DATABASE ERROR] -> ER_NO_SUCH_TABLE: Table '2025_pizzeria.pizzak' doesn't exist
[2025-11-05 09:38:41] - [31merror[39m: [DATABASE ERROR] -> ER_NO_SUCH_TABLE: Table '2025_pizzeria.pizzak' doesn't exist
[2025-11-05 09:38:42] - [31merror[39m: [DATABASE ERROR] -> ER_NO_SUCH_TABLE: Table '2025_pizzeria.pizzak' doesn't exist
[2025-11-05 09:38:53] - [31merror[39m: [DATABASE ERROR] -> ER_NO_SUCH_TABLE: Table '2025_pizzeria.pizzak' doesn't exist
[2025-11-05 09:38:53] - [31merror[39m: [DATABASE ERROR] -> ER_NO_SUCH_TABLE: Table 'favicon.ico' doesn't exist
[2025-11-05 09:39:09] - [31merror[39m: [DATABASE ERROR] -> ER_NO_SUCH_TABLE: Table 'favicon.ico' doesn't exist
[2025-11-05 10:21:56] - [31merror[39m: [DATABASE ERROR] -> ER_BAD_FIELD_ERROR: Unknown column 'oldPassword' in 'field list'
[2025-11-05 10:22:03] - [31merror[39m: [DATABASE ERROR] -> ER_BAD_FIELD_ERROR: Unknown column 'oldPassword' in 'field list'
[2025-11-10 11:59:53] - [31merror[39m: [DATABASE ERROR] -> ER_BAD_FIELD_ERROR: Unknown column 'oldPassword' in 'field list'
[2025-11-10 11:59:56] - [31merror[39m: [DATABASE ERROR] -> ER_BAD_FIELD_ERROR: Unknown column 'oldPassword' in 'field list'
[2025-11-10 11:59:59] - [31merror[39m: [DATABASE ERROR] -> ER_BAD_FIELD_ERROR: Unknown column 'oldPassword' in 'field list'
[2025-11-10 12:00:09] - [31merror[39m: [DATABASE ERROR] -> ER_BAD_FIELD_ERROR: Unknown column 'oldPassword' in 'field list'
[2025-11-10 12:00:16] - [31merror[39m: [DATABASE ERROR] -> ER_BAD_FIELD_ERROR: Unknown column 'oldPassword' in 'field list'
[2025-11-10 12:00:18] - [31merror[39m: [DATABASE ERROR] -> ER_BAD_FIELD_ERROR: Unknown column 'oldPassword' in 'field list'
[2025-11-10 12:00:21] - [31merror[39m: [DATABASE ERROR] -> ER_BAD_FIELD_ERROR: Unknown column 'oldPassword' in 'field list'
[2025-11-10 12:21:35] - [31merror[39m: [DATABASE ERROR] -> ER_NO_SUCH_TABLE: Table 'favicon.ico' doesn't exist
[2025-11-11 09:33:01] - [31merror[39m: [DATABASE ERROR] -> ER_NO_SUCH_TABLE: Table '2025_pizzeria.foglalas' doesn't exist
[2025-11-11 09:33:01] - [31merror[39m: [DATABASE ERROR] -> ER_NO_SUCH_TABLE: Table 'favicon.ico' doesn't exist
[2025-11-11 09:33:07] - [31merror[39m: [DATABASE ERROR] -> ER_NO_SUCH_TABLE: Table 'favicon.ico' doesn't exist
[2025-11-11 09:33:11] - [31merror[39m: [DATABASE ERROR] -> ER_NO_SUCH_TABLE: Table 'favicon.ico' doesn't exist
[2025-11-11 09:33:50] - [31merror[39m: [DATABASE ERROR] -> ER_NO_SUCH_TABLE: Table 'favicon.ico' doesn't exist
[2025-11-11 09:40:08] - [31merror[39m: [DATABASE ERROR] -> ER_NO_SUCH_TABLE: Table 'favicon.ico' doesn't exist
[2025-11-11 10:28:01] - [31merror[39m: [DATABASE ERROR] -> ER_NO_SUCH_TABLE: Table 'favicon.ico' doesn't exist
[2025-11-11 10:28:58] - [31merror[39m: [DATABASE ERROR] -> ER_BAD_FIELD_ERROR: Unknown column 'user' in 'where clause'
[2025-11-11 10:29:19] - [31merror[39m: [DATABASE ERROR] -> ER_BAD_FIELD_ERROR: Unknown column 'user' in 'where clause'
[2025-11-11 10:29:32] - [31merror[39m: [DATABASE ERROR] -> ER_BAD_FIELD_ERROR: Unknown column 'user' in 'where clause'
[2025-11-11 10:29:32] - [31merror[39m: [DATABASE ERROR] -> ER_NO_SUCH_TABLE: Table 'favicon.ico' doesn't exist
[2025-11-11 10:30:21] - [31merror[39m: [DATABASE ERROR] -> ER_BAD_FIELD_ERROR: Unknown column 'user' in 'where clause'
[2025-11-11 10:30:44] - [31merror[39m: [DATABASE ERROR] -> ER_BAD_FIELD_ERROR: Unknown column 'user' in 'where clause'
[2025-11-11 10:31:02] - [31merror[39m: [DATABASE ERROR] -> ER_NO_SUCH_TABLE: Table 'favicon.ico' doesn't exist
[2025-11-11 10:31:51] - [31merror[39m: [DATABASE ERROR] -> ER_NO_SUCH_TABLE: Table 'favicon.ico' doesn't exist
[2025-11-11 10:31:57] - [31merror[39m: [DATABASE ERROR] -> ER_BAD_FIELD_ERROR: Unknown column 'user' in 'where clause'
[2025-11-11 10:32:46] - [31merror[39m: [DATABASE ERROR] -> ER_NO_SUCH_TABLE: Table 'favicon.ico' doesn't exist
[2025-11-11 10:34:38] - [31merror[39m: [DATABASE ERROR] -> ER_NO_SUCH_TABLE: Table 'favicon.ico' doesn't exist
[2025-11-11 10:35:32] - [31merror[39m: [DATABASE ERROR] -> ER_NO_SUCH_TABLE: Table 'favicon.ico' doesn't exist
[2025-11-11 10:53:13] - [31merror[39m: [DATABASE ERROR] -> ER_NO_SUCH_TABLE: Table 'favicon.ico' doesn't exist
[2025-11-11 10:53:33] - [31merror[39m: [DATABASE ERROR] -> ER_NO_SUCH_TABLE: Table '2025_pizzeria.order_items' doesn't exist
[2025-11-11 10:53:33] - [31merror[39m: [DATABASE ERROR] -> ER_NO_SUCH_TABLE: Table 'favicon.ico' doesn't exist
[2025-11-11 10:53:39] - [31merror[39m: [DATABASE ERROR] -> ER_BAD_FIELD_ERROR: Unknown column 'user' in 'where clause'
[2025-11-11 10:53:39] - [31merror[39m: [DATABASE ERROR] -> ER_NO_SUCH_TABLE: Table 'favicon.ico' doesn't exist
[2025-11-11 10:53:41] - [31merror[39m: [DATABASE ERROR] -> ER_NO_SUCH_TABLE: Table '2025_pizzeria.order_items' doesn't exist
[2025-11-11 10:53:41] - [31merror[39m: [DATABASE ERROR] -> ER_NO_SUCH_TABLE: Table 'favicon.ico' doesn't exist
[2025-11-11 10:54:18] - [31merror[39m: [DATABASE ERROR] -> ER_BAD_FIELD_ERROR: Unknown column 'p.name' in 'field list'
[2025-11-11 10:54:18] - [31merror[39m: [DATABASE ERROR] -> ER_NO_SUCH_TABLE: Table 'favicon.ico' doesn't exist
[2025-11-11 10:54:19] - [31merror[39m: [DATABASE ERROR] -> ER_BAD_FIELD_ERROR: Unknown column 'p.name' in 'field list'
[2025-11-11 10:54:19] - [31merror[39m: [DATABASE ERROR] -> ER_NO_SUCH_TABLE: Table 'favicon.ico' doesn't exist
[2025-11-11 10:55:01] - [31merror[39m: [DATABASE ERROR] -> ER_BAD_FIELD_ERROR: Unknown column 'p.name' in 'field list'
[2025-11-11 10:55:08] - [31merror[39m: [DATABASE ERROR] -> ER_BAD_FIELD_ERROR: Unknown column 'p.name' in 'field list'
[2025-11-11 10:55:19] - [31merror[39m: [DATABASE ERROR] -> ER_BAD_FIELD_ERROR: Unknown column 'p.name' in 'field list'
[2025-11-11 10:55:19] - [31merror[39m: [DATABASE ERROR] -> ER_NO_SUCH_TABLE: Table 'favicon.ico' doesn't exist
[2025-11-11 10:57:13] - [31merror[39m: [DATABASE ERROR] -> ER_NO_SUCH_TABLE: Table '2025_pizzeria.order_items' doesn't exist
[2025-11-11 10:57:13] - [31merror[39m: [DATABASE ERROR] -> ER_NO_SUCH_TABLE: Table 'favicon.ico' doesn't exist
[2025-11-11 10:57:14] - [31merror[39m: [DATABASE ERROR] -> ER_NO_SUCH_TABLE: Table '2025_pizzeria.order_items' doesn't exist
[2025-11-11 10:57:14] - [31merror[39m: [DATABASE ERROR] -> ER_NO_SUCH_TABLE: Table 'favicon.ico' doesn't exist
[2025-11-11 10:57:14] - [31merror[39m: [DATABASE ERROR] -> ER_NO_SUCH_TABLE: Table '2025_pizzeria.order_items' doesn't exist
[2025-11-11 10:57:14] - [31merror[39m: [DATABASE ERROR] -> ER_NO_SUCH_TABLE: Table 'favicon.ico' doesn't exist
[2025-11-11 10:57:15] - [31merror[39m: [DATABASE ERROR] -> ER_NO_SUCH_TABLE: Table '2025_pizzeria.order_items' doesn't exist
[2025-11-11 10:57:15] - [31merror[39m: [DATABASE ERROR] -> ER_NO_SUCH_TABLE: Table 'favicon.ico' doesn't exist
[2025-11-11 10:58:18] - [31merror[39m: [DATABASE ERROR] -> ER_NO_SUCH_TABLE: Table '2025_pizzeria.order_items' doesn't exist
[2025-11-11 10:58:18] - [31merror[39m: [DATABASE ERROR] -> ER_NO_SUCH_TABLE: Table 'favicon.ico' doesn't exist
[2025-11-11 10:58:28] - [31merror[39m: [DATABASE ERROR] -> ER_NO_SUCH_TABLE: Table 'favicon.ico' doesn't exist
[2025-11-11 12:04:53] - [31merror[39m: [DATABASE ERROR] -> ER_NO_SUCH_TABLE: Table 'pizza.mp4' doesn't exist
[2025-11-11 12:04:53] - [31merror[39m: [DATABASE ERROR] -> ER_NO_SUCH_TABLE: Table 'favicon.ico' doesn't exist
